Longest sentence length 12
Longest story length 228
Average story length 9
Training Size 18000
Validation Size 2000
Testing Size 20000
(18000, 50, 12) (2000, 50, 12) (20000, 50, 12)
(18000, 12) (2000, 12) (20000, 12)
(18000, 225) (2000, 225) (20000, 225)
-----------------------
Epoch 10
Total Cost: 12135.3467597

Task 1
Training Accuracy = 0.99
Validation Accuracy = 0.99
Testing Accuracy = 0.99

Task 2
Training Accuracy = 0.875555555556
Validation Accuracy = 0.88
Testing Accuracy = 0.823

Task 3
Training Accuracy = 0.742222222222
Validation Accuracy = 0.58
Testing Accuracy = 0.636

Task 4
Training Accuracy = 0.773333333333
Validation Accuracy = 0.63
Testing Accuracy = 0.695

Task 5
Training Accuracy = 0.846666666667
Validation Accuracy = 0.75
Testing Accuracy = 0.806

Task 6
Training Accuracy = 0.777777777778
Validation Accuracy = 0.74
Testing Accuracy = 0.714

Task 7
Training Accuracy = 0.792222222222
Validation Accuracy = 0.77
Testing Accuracy = 0.755

Task 8
Training Accuracy = 0.882222222222
Validation Accuracy = 0.86
Testing Accuracy = 0.845

Task 9
Training Accuracy = 0.714444444444
Validation Accuracy = 0.61
Testing Accuracy = 0.64

Task 10
Training Accuracy = 0.536666666667
Validation Accuracy = 0.37
Testing Accuracy = 0.493

Task 11
Training Accuracy = 0.893333333333
Validation Accuracy = 0.88
Testing Accuracy = 0.877

Task 12
Training Accuracy = 0.984444444444
Validation Accuracy = 0.96
Testing Accuracy = 0.978

Task 13
Training Accuracy = 0.916666666667
Validation Accuracy = 0.94
Testing Accuracy = 0.929

Task 14
Training Accuracy = 0.947777777778
Validation Accuracy = 0.91
Testing Accuracy = 0.848

Task 15
Training Accuracy = 0.586666666667
Validation Accuracy = 0.48
Testing Accuracy = 0.568

Task 16
Training Accuracy = 0.482222222222
Validation Accuracy = 0.47
Testing Accuracy = 0.47

Task 17
Training Accuracy = 0.634444444444
Validation Accuracy = 0.56
Testing Accuracy = 0.57

Task 18
Training Accuracy = 0.538888888889
Validation Accuracy = 0.49
Testing Accuracy = 0.473

Task 19
Training Accuracy = 0.121111111111
Validation Accuracy = 0.06
Testing Accuracy = 0.087

Task 20
Training Accuracy = 1.0
Validation Accuracy = 1.0
Testing Accuracy = 1.0

-----------------------
-----------------------
Epoch 20
Total Cost: 7898.52968386

Task 1
Training Accuracy = 1.0
Validation Accuracy = 1.0
Testing Accuracy = 0.996

Task 2
Training Accuracy = 0.941111111111
Validation Accuracy = 0.84
Testing Accuracy = 0.855

Task 3
Training Accuracy = 0.863333333333
Validation Accuracy = 0.73
Testing Accuracy = 0.74

Task 4
Training Accuracy = 0.825555555556
Validation Accuracy = 0.72
Testing Accuracy = 0.717

Task 5
Training Accuracy = 0.93
Validation Accuracy = 0.82
Testing Accuracy = 0.83

Task 6
Training Accuracy = 0.946666666667
Validation Accuracy = 0.87
Testing Accuracy = 0.852

Task 7
Training Accuracy = 0.826666666667
Validation Accuracy = 0.8
Testing Accuracy = 0.747

Task 8
Training Accuracy = 0.934444444444
Validation Accuracy = 0.86
Testing Accuracy = 0.87

Task 9
Training Accuracy = 0.804444444444
Validation Accuracy = 0.8
Testing Accuracy = 0.759

Task 10
Training Accuracy = 0.742222222222
Validation Accuracy = 0.55
Testing Accuracy = 0.653

Task 11
Training Accuracy = 0.933333333333
Validation Accuracy = 0.89
Testing Accuracy = 0.895

Task 12
Training Accuracy = 0.971111111111
Validation Accuracy = 0.94
Testing Accuracy = 0.956

Task 13
Training Accuracy = 0.943333333333
Validation Accuracy = 0.94
Testing Accuracy = 0.932

Task 14
Training Accuracy = 0.997777777778
Validation Accuracy = 0.95
Testing Accuracy = 0.932

Task 15
Training Accuracy = 0.856666666667
Validation Accuracy = 0.71
Testing Accuracy = 0.785

Task 16
Training Accuracy = 0.524444444444
Validation Accuracy = 0.44
Testing Accuracy = 0.457

Task 17
Training Accuracy = 0.614444444444
Validation Accuracy = 0.57
Testing Accuracy = 0.539

Task 18
Training Accuracy = 0.695555555556
Validation Accuracy = 0.6
Testing Accuracy = 0.617

Task 19
Training Accuracy = 0.154444444444
Validation Accuracy = 0.09
Testing Accuracy = 0.09

Task 20
Training Accuracy = 1.0
Validation Accuracy = 1.0
Testing Accuracy = 0.999

-----------------------
-----------------------
Epoch 30
Total Cost: 6683.85362264

Task 1
Training Accuracy = 1.0
Validation Accuracy = 0.99
Testing Accuracy = 0.99

Task 2
Training Accuracy = 0.946666666667
Validation Accuracy = 0.84
Testing Accuracy = 0.863

Task 3
Training Accuracy = 0.894444444444
Validation Accuracy = 0.69
Testing Accuracy = 0.71

Task 4
Training Accuracy = 0.848888888889
Validation Accuracy = 0.75
Testing Accuracy = 0.743

Task 5
Training Accuracy = 0.928888888889
Validation Accuracy = 0.81
Testing Accuracy = 0.842

Task 6
Training Accuracy = 0.94
Validation Accuracy = 0.88
Testing Accuracy = 0.854

Task 7
Training Accuracy = 0.824444444444
Validation Accuracy = 0.78
Testing Accuracy = 0.742

Task 8
Training Accuracy = 0.961111111111
Validation Accuracy = 0.84
Testing Accuracy = 0.873

Task 9
Training Accuracy = 0.846666666667
Validation Accuracy = 0.78
Testing Accuracy = 0.765

Task 10
Training Accuracy = 0.803333333333
Validation Accuracy = 0.63
Testing Accuracy = 0.716

Task 11
Training Accuracy = 0.984444444444
Validation Accuracy = 0.97
Testing Accuracy = 0.946

Task 12
Training Accuracy = 0.978888888889
Validation Accuracy = 0.97
Testing Accuracy = 0.967

Task 13
Training Accuracy = 0.986666666667
Validation Accuracy = 0.97
Testing Accuracy = 0.966

Task 14
Training Accuracy = 1.0
Validation Accuracy = 0.94
Testing Accuracy = 0.93

Task 15
Training Accuracy = 0.998888888889
Validation Accuracy = 0.99
Testing Accuracy = 0.989

Task 16
Training Accuracy = 0.59
Validation Accuracy = 0.44
Testing Accuracy = 0.458

Task 17
Training Accuracy = 0.647777777778
Validation Accuracy = 0.65
Testing Accuracy = 0.623

Task 18
Training Accuracy = 0.898888888889
Validation Accuracy = 0.94
Testing Accuracy = 0.846

Task 19
Training Accuracy = 0.214444444444
Validation Accuracy = 0.08
Testing Accuracy = 0.091

Task 20
Training Accuracy = 1.0
Validation Accuracy = 1.0
Testing Accuracy = 0.999

-----------------------
-----------------------
Epoch 40
Total Cost: 5315.66241439

Task 1
Training Accuracy = 1.0
Validation Accuracy = 0.99
Testing Accuracy = 0.994

Task 2
Training Accuracy = 0.985555555556
Validation Accuracy = 0.87
Testing Accuracy = 0.873

Task 3
Training Accuracy = 0.948888888889
Validation Accuracy = 0.67
Testing Accuracy = 0.723

Task 4
Training Accuracy = 0.874444444444
Validation Accuracy = 0.73
Testing Accuracy = 0.768

Task 5
Training Accuracy = 0.971111111111
Validation Accuracy = 0.82
Testing Accuracy = 0.844

Task 6
Training Accuracy = 0.995555555556
Validation Accuracy = 0.87
Testing Accuracy = 0.894

Task 7
Training Accuracy = 0.846666666667
Validation Accuracy = 0.77
Testing Accuracy = 0.756

Task 8
Training Accuracy = 0.981111111111
Validation Accuracy = 0.85
Testing Accuracy = 0.872

Task 9
Training Accuracy = 0.87
Validation Accuracy = 0.8
Testing Accuracy = 0.764

Task 10
Training Accuracy = 0.864444444444
Validation Accuracy = 0.64
Testing Accuracy = 0.742

Task 11
Training Accuracy = 0.993333333333
Validation Accuracy = 0.96
Testing Accuracy = 0.946

Task 12
Training Accuracy = 0.995555555556
Validation Accuracy = 0.98
Testing Accuracy = 0.986

Task 13
Training Accuracy = 0.998888888889
Validation Accuracy = 0.96
Testing Accuracy = 0.98

Task 14
Training Accuracy = 1.0
Validation Accuracy = 0.97
Testing Accuracy = 0.923

Task 15
Training Accuracy = 1.0
Validation Accuracy = 1.0
Testing Accuracy = 0.995

Task 16
Training Accuracy = 0.585555555556
Validation Accuracy = 0.43
Testing Accuracy = 0.452

Task 17
Training Accuracy = 0.737777777778
Validation Accuracy = 0.56
Testing Accuracy = 0.601

Task 18
Training Accuracy = 0.938888888889
Validation Accuracy = 0.9
Testing Accuracy = 0.891

Task 19
Training Accuracy = 0.232222222222
Validation Accuracy = 0.11
Testing Accuracy = 0.094

Task 20
Training Accuracy = 1.0
Validation Accuracy = 1.0
Testing Accuracy = 0.998

-----------------------
-----------------------
Epoch 50
Total Cost: 4671.90663694

Task 1
Training Accuracy = 1.0
Validation Accuracy = 0.96
Testing Accuracy = 0.99

Task 2
Training Accuracy = 0.995555555556
Validation Accuracy = 0.86
Testing Accuracy = 0.885

Task 3
Training Accuracy = 0.974444444444
Validation Accuracy = 0.72
Testing Accuracy = 0.728

Task 4
Training Accuracy = 0.908888888889
Validation Accuracy = 0.78
Testing Accuracy = 0.77

Task 5
Training Accuracy = 0.98
Validation Accuracy = 0.84
Testing Accuracy = 0.841

Task 6
Training Accuracy = 0.995555555556
Validation Accuracy = 0.88
Testing Accuracy = 0.884

Task 7
Training Accuracy = 0.876666666667
Validation Accuracy = 0.79
Testing Accuracy = 0.731

Task 8
Training Accuracy = 0.987777777778
Validation Accuracy = 0.83
Testing Accuracy = 0.876

Task 9
Training Accuracy = 0.886666666667
Validation Accuracy = 0.76
Testing Accuracy = 0.754

Task 10
Training Accuracy = 0.906666666667
Validation Accuracy = 0.6
Testing Accuracy = 0.752

Task 11
Training Accuracy = 0.998888888889
Validation Accuracy = 0.97
Testing Accuracy = 0.95

Task 12
Training Accuracy = 1.0
Validation Accuracy = 1.0
Testing Accuracy = 0.973

Task 13
Training Accuracy = 1.0
Validation Accuracy = 0.97
Testing Accuracy = 0.977

Task 14
Training Accuracy = 1.0
Validation Accuracy = 0.96
Testing Accuracy = 0.921

Task 15
Training Accuracy = 1.0
Validation Accuracy = 1.0
Testing Accuracy = 0.995

Task 16
Training Accuracy = 0.637777777778
Validation Accuracy = 0.42
Testing Accuracy = 0.449

Task 17
Training Accuracy = 0.742222222222
Validation Accuracy = 0.58
Testing Accuracy = 0.59

Task 18
Training Accuracy = 0.946666666667
Validation Accuracy = 0.9
Testing Accuracy = 0.899

Task 19
Training Accuracy = 0.267777777778
Validation Accuracy = 0.08
Testing Accuracy = 0.099

Task 20
Training Accuracy = 1.0
Validation Accuracy = 1.0
Testing Accuracy = 0.998

-----------------------
-----------------------
Epoch 60
Total Cost: 4512.1238843

Task 1
Training Accuracy = 1.0
Validation Accuracy = 0.98
Testing Accuracy = 0.988

Task 2
Training Accuracy = 0.995555555556
Validation Accuracy = 0.85
Testing Accuracy = 0.873

Task 3
Training Accuracy = 0.977777777778
Validation Accuracy = 0.74
Testing Accuracy = 0.721

Task 4
Training Accuracy = 0.9
Validation Accuracy = 0.77
Testing Accuracy = 0.781

Task 5
Training Accuracy = 0.981111111111
Validation Accuracy = 0.85
Testing Accuracy = 0.843

Task 6
Training Accuracy = 1.0
Validation Accuracy = 0.89
Testing Accuracy = 0.893

Task 7
Training Accuracy = 0.874444444444
Validation Accuracy = 0.78
Testing Accuracy = 0.73

Task 8
Training Accuracy = 0.988888888889
Validation Accuracy = 0.84
Testing Accuracy = 0.879

Task 9
Training Accuracy = 0.898888888889
Validation Accuracy = 0.76
Testing Accuracy = 0.754

Task 10
Training Accuracy = 0.91
Validation Accuracy = 0.6
Testing Accuracy = 0.75

Task 11
Training Accuracy = 1.0
Validation Accuracy = 0.98
Testing Accuracy = 0.95

Task 12
Training Accuracy = 1.0
Validation Accuracy = 0.99
Testing Accuracy = 0.968

Task 13
Training Accuracy = 1.0
Validation Accuracy = 0.95
Testing Accuracy = 0.979

Task 14
Training Accuracy = 1.0
Validation Accuracy = 0.96
Testing Accuracy = 0.914

Task 15
Training Accuracy = 1.0
Validation Accuracy = 1.0
Testing Accuracy = 0.995

Task 16
Training Accuracy = 0.647777777778
Validation Accuracy = 0.36
Testing Accuracy = 0.442

Task 17
Training Accuracy = 0.733333333333
Validation Accuracy = 0.58
Testing Accuracy = 0.61

Task 18
Training Accuracy = 0.946666666667
Validation Accuracy = 0.9
Testing Accuracy = 0.907

Task 19
Training Accuracy = 0.264444444444
Validation Accuracy = 0.12
Testing Accuracy = 0.108

Task 20
Training Accuracy = 1.0
Validation Accuracy = 1.0
Testing Accuracy = 0.998

-----------------------
Writing final results to scores.csv
