Longest sentence length 12
Longest story length 228
Average story length 9
Training Size 18000
Validation Size 2000
Testing Size 20000
(18000, 50, 12) (2000, 50, 12) (20000, 50, 12)
(18000, 12) (2000, 12) (20000, 12)
(18000, 225) (2000, 225) (20000, 225)
-----------------------
Epoch 10
Total Cost: 17742.4507766

Task 1
Training Accuracy = 0.964444444444
Validation Accuracy = 0.91
Testing Accuracy = 0.948

Task 2
Training Accuracy = 0.562222222222
Validation Accuracy = 0.52
Testing Accuracy = 0.507

Task 3
Training Accuracy = 0.35
Validation Accuracy = 0.26
Testing Accuracy = 0.274

Task 4
Training Accuracy = 0.782222222222
Validation Accuracy = 0.72
Testing Accuracy = 0.738

Task 5
Training Accuracy = 0.717777777778
Validation Accuracy = 0.66
Testing Accuracy = 0.655

Task 6
Training Accuracy = 0.818888888889
Validation Accuracy = 0.84
Testing Accuracy = 0.777

Task 7
Training Accuracy = 0.74
Validation Accuracy = 0.73
Testing Accuracy = 0.697

Task 8
Training Accuracy = 0.421111111111
Validation Accuracy = 0.49
Testing Accuracy = 0.394

Task 9
Training Accuracy = 0.82
Validation Accuracy = 0.82
Testing Accuracy = 0.808

Task 10
Training Accuracy = 0.644444444444
Validation Accuracy = 0.63
Testing Accuracy = 0.651

Task 11
Training Accuracy = 0.891111111111
Validation Accuracy = 0.9
Testing Accuracy = 0.918

Task 12
Training Accuracy = 0.93
Validation Accuracy = 0.91
Testing Accuracy = 0.909

Task 13
Training Accuracy = 0.921111111111
Validation Accuracy = 0.97
Testing Accuracy = 0.928

Task 14
Training Accuracy = 0.573333333333
Validation Accuracy = 0.53
Testing Accuracy = 0.52

Task 15
Training Accuracy = 0.478888888889
Validation Accuracy = 0.41
Testing Accuracy = 0.399

Task 16
Training Accuracy = 0.455555555556
Validation Accuracy = 0.47
Testing Accuracy = 0.445

Task 17
Training Accuracy = 0.515555555556
Validation Accuracy = 0.51
Testing Accuracy = 0.532

Task 18
Training Accuracy = 0.504444444444
Validation Accuracy = 0.51
Testing Accuracy = 0.469

Task 19
Training Accuracy = 0.0955555555556
Validation Accuracy = 0.04
Testing Accuracy = 0.099

Task 20
Training Accuracy = 0.811111111111
Validation Accuracy = 0.82
Testing Accuracy = 0.798

-----------------------
-----------------------
Epoch 20
Total Cost: 11332.645177

Task 1
Training Accuracy = 0.977777777778
Validation Accuracy = 0.97
Testing Accuracy = 0.976

Task 2
Training Accuracy = 0.755555555556
Validation Accuracy = 0.74
Testing Accuracy = 0.617

Task 3
Training Accuracy = 0.587777777778
Validation Accuracy = 0.52
Testing Accuracy = 0.403

Task 4
Training Accuracy = 0.821111111111
Validation Accuracy = 0.81
Testing Accuracy = 0.772

Task 5
Training Accuracy = 0.868888888889
Validation Accuracy = 0.76
Testing Accuracy = 0.798

Task 6
Training Accuracy = 0.94
Validation Accuracy = 0.94
Testing Accuracy = 0.894

Task 7
Training Accuracy = 0.842222222222
Validation Accuracy = 0.79
Testing Accuracy = 0.802

Task 8
Training Accuracy = 0.812222222222
Validation Accuracy = 0.91
Testing Accuracy = 0.822

Task 9
Training Accuracy = 0.937777777778
Validation Accuracy = 0.95
Testing Accuracy = 0.919

Task 10
Training Accuracy = 0.883333333333
Validation Accuracy = 0.87
Testing Accuracy = 0.836

Task 11
Training Accuracy = 0.893333333333
Validation Accuracy = 0.91
Testing Accuracy = 0.915

Task 12
Training Accuracy = 0.934444444444
Validation Accuracy = 0.96
Testing Accuracy = 0.937

Task 13
Training Accuracy = 0.922222222222
Validation Accuracy = 0.97
Testing Accuracy = 0.935

Task 14
Training Accuracy = 0.874444444444
Validation Accuracy = 0.8
Testing Accuracy = 0.805

Task 15
Training Accuracy = 0.568888888889
Validation Accuracy = 0.61
Testing Accuracy = 0.535

Task 16
Training Accuracy = 0.511111111111
Validation Accuracy = 0.51
Testing Accuracy = 0.481

Task 17
Training Accuracy = 0.543333333333
Validation Accuracy = 0.51
Testing Accuracy = 0.472

Task 18
Training Accuracy = 0.697777777778
Validation Accuracy = 0.58
Testing Accuracy = 0.659

Task 19
Training Accuracy = 0.124444444444
Validation Accuracy = 0.07
Testing Accuracy = 0.09

Task 20
Training Accuracy = 1.0
Validation Accuracy = 1.0
Testing Accuracy = 0.998

-----------------------
-----------------------
Epoch 30
Total Cost: 10236.6499576

Task 1
Training Accuracy = 0.99
Validation Accuracy = 1.0
Testing Accuracy = 0.97

Task 2
Training Accuracy = 0.8
Validation Accuracy = 0.72
Testing Accuracy = 0.665

Task 3
Training Accuracy = 0.618888888889
Validation Accuracy = 0.53
Testing Accuracy = 0.429

Task 4
Training Accuracy = 0.861111111111
Validation Accuracy = 0.79
Testing Accuracy = 0.792

Task 5
Training Accuracy = 0.87
Validation Accuracy = 0.81
Testing Accuracy = 0.775

Task 6
Training Accuracy = 0.951111111111
Validation Accuracy = 0.95
Testing Accuracy = 0.9

Task 7
Training Accuracy = 0.876666666667
Validation Accuracy = 0.84
Testing Accuracy = 0.811

Task 8
Training Accuracy = 0.836666666667
Validation Accuracy = 0.87
Testing Accuracy = 0.799

Task 9
Training Accuracy = 0.941111111111
Validation Accuracy = 0.93
Testing Accuracy = 0.915

Task 10
Training Accuracy = 0.845555555556
Validation Accuracy = 0.79
Testing Accuracy = 0.77

Task 11
Training Accuracy = 0.9
Validation Accuracy = 0.91
Testing Accuracy = 0.919

Task 12
Training Accuracy = 0.964444444444
Validation Accuracy = 0.94
Testing Accuracy = 0.947

Task 13
Training Accuracy = 0.928888888889
Validation Accuracy = 0.96
Testing Accuracy = 0.939

Task 14
Training Accuracy = 0.971111111111
Validation Accuracy = 0.91
Testing Accuracy = 0.904

Task 15
Training Accuracy = 0.65
Validation Accuracy = 0.64
Testing Accuracy = 0.603

Task 16
Training Accuracy = 0.501111111111
Validation Accuracy = 0.43
Testing Accuracy = 0.488

Task 17
Training Accuracy = 0.616666666667
Validation Accuracy = 0.66
Testing Accuracy = 0.581

Task 18
Training Accuracy = 0.857777777778
Validation Accuracy = 0.85
Testing Accuracy = 0.814

Task 19
Training Accuracy = 0.132222222222
Validation Accuracy = 0.07
Testing Accuracy = 0.104

Task 20
Training Accuracy = 0.998888888889
Validation Accuracy = 0.98
Testing Accuracy = 0.999

-----------------------
-----------------------
Epoch 40
Total Cost: 7557.5334655

Task 1
Training Accuracy = 0.984444444444
Validation Accuracy = 0.96
Testing Accuracy = 0.977

Task 2
Training Accuracy = 0.81
Validation Accuracy = 0.72
Testing Accuracy = 0.65

Task 3
Training Accuracy = 0.697777777778
Validation Accuracy = 0.56
Testing Accuracy = 0.515

Task 4
Training Accuracy = 0.892222222222
Validation Accuracy = 0.83
Testing Accuracy = 0.824

Task 5
Training Accuracy = 0.914444444444
Validation Accuracy = 0.82
Testing Accuracy = 0.795

Task 6
Training Accuracy = 0.975555555556
Validation Accuracy = 0.95
Testing Accuracy = 0.938

Task 7
Training Accuracy = 0.883333333333
Validation Accuracy = 0.78
Testing Accuracy = 0.823

Task 8
Training Accuracy = 0.907777777778
Validation Accuracy = 0.94
Testing Accuracy = 0.838

Task 9
Training Accuracy = 0.974444444444
Validation Accuracy = 0.98
Testing Accuracy = 0.93

Task 10
Training Accuracy = 0.923333333333
Validation Accuracy = 0.85
Testing Accuracy = 0.859

Task 11
Training Accuracy = 0.927777777778
Validation Accuracy = 0.88
Testing Accuracy = 0.912

Task 12
Training Accuracy = 0.977777777778
Validation Accuracy = 0.95
Testing Accuracy = 0.965

Task 13
Training Accuracy = 0.935555555556
Validation Accuracy = 0.96
Testing Accuracy = 0.94

Task 14
Training Accuracy = 0.975555555556
Validation Accuracy = 0.9
Testing Accuracy = 0.9

Task 15
Training Accuracy = 0.827777777778
Validation Accuracy = 0.79
Testing Accuracy = 0.795

Task 16
Training Accuracy = 0.535555555556
Validation Accuracy = 0.45
Testing Accuracy = 0.471

Task 17
Training Accuracy = 0.685555555556
Validation Accuracy = 0.69
Testing Accuracy = 0.566

Task 18
Training Accuracy = 0.932222222222
Validation Accuracy = 0.95
Testing Accuracy = 0.886

Task 19
Training Accuracy = 0.231111111111
Validation Accuracy = 0.09
Testing Accuracy = 0.112

Task 20
Training Accuracy = 1.0
Validation Accuracy = 1.0
Testing Accuracy = 0.994

-----------------------
-----------------------
Epoch 50
Total Cost: 6017.84850253

Task 1
Training Accuracy = 0.996666666667
Validation Accuracy = 0.99
Testing Accuracy = 0.989

Task 2
Training Accuracy = 0.882222222222
Validation Accuracy = 0.79
Testing Accuracy = 0.661

Task 3
Training Accuracy = 0.835555555556
Validation Accuracy = 0.64
Testing Accuracy = 0.531

Task 4
Training Accuracy = 0.92
Validation Accuracy = 0.89
Testing Accuracy = 0.832

Task 5
Training Accuracy = 0.918888888889
Validation Accuracy = 0.81
Testing Accuracy = 0.8

Task 6
Training Accuracy = 0.991111111111
Validation Accuracy = 0.97
Testing Accuracy = 0.946

Task 7
Training Accuracy = 0.917777777778
Validation Accuracy = 0.8
Testing Accuracy = 0.816

Task 8
Training Accuracy = 0.923333333333
Validation Accuracy = 0.96
Testing Accuracy = 0.848

Task 9
Training Accuracy = 0.98
Validation Accuracy = 0.98
Testing Accuracy = 0.942

Task 10
Training Accuracy = 0.945555555556
Validation Accuracy = 0.86
Testing Accuracy = 0.83

Task 11
Training Accuracy = 0.953333333333
Validation Accuracy = 0.93
Testing Accuracy = 0.916

Task 12
Training Accuracy = 0.994444444444
Validation Accuracy = 0.98
Testing Accuracy = 0.98

Task 13
Training Accuracy = 0.955555555556
Validation Accuracy = 0.94
Testing Accuracy = 0.941

Task 14
Training Accuracy = 1.0
Validation Accuracy = 0.94
Testing Accuracy = 0.944

Task 15
Training Accuracy = 0.974444444444
Validation Accuracy = 0.98
Testing Accuracy = 0.936

Task 16
Training Accuracy = 0.544444444444
Validation Accuracy = 0.48
Testing Accuracy = 0.473

Task 17
Training Accuracy = 0.723333333333
Validation Accuracy = 0.73
Testing Accuracy = 0.535

Task 18
Training Accuracy = 0.946666666667
Validation Accuracy = 0.96
Testing Accuracy = 0.902

Task 19
Training Accuracy = 0.265555555556
Validation Accuracy = 0.08
Testing Accuracy = 0.097

Task 20
Training Accuracy = 1.0
Validation Accuracy = 0.99
Testing Accuracy = 0.995

-----------------------
-----------------------
Epoch 60
Total Cost: 5646.03784756

Task 1
Training Accuracy = 0.996666666667
Validation Accuracy = 0.95
Testing Accuracy = 0.977

Task 2
Training Accuracy = 0.89
Validation Accuracy = 0.76
Testing Accuracy = 0.651

Task 3
Training Accuracy = 0.865555555556
Validation Accuracy = 0.67
Testing Accuracy = 0.505

Task 4
Training Accuracy = 0.951111111111
Validation Accuracy = 0.94
Testing Accuracy = 0.862

Task 5
Training Accuracy = 0.932222222222
Validation Accuracy = 0.79
Testing Accuracy = 0.797

Task 6
Training Accuracy = 0.985555555556
Validation Accuracy = 0.97
Testing Accuracy = 0.944

Task 7
Training Accuracy = 0.923333333333
Validation Accuracy = 0.81
Testing Accuracy = 0.797

Task 8
Training Accuracy = 0.94
Validation Accuracy = 0.91
Testing Accuracy = 0.845

Task 9
Training Accuracy = 0.98
Validation Accuracy = 0.98
Testing Accuracy = 0.938

Task 10
Training Accuracy = 0.953333333333
Validation Accuracy = 0.87
Testing Accuracy = 0.846

Task 11
Training Accuracy = 0.958888888889
Validation Accuracy = 0.93
Testing Accuracy = 0.924

Task 12
Training Accuracy = 0.996666666667
Validation Accuracy = 0.99
Testing Accuracy = 0.984

Task 13
Training Accuracy = 0.964444444444
Validation Accuracy = 0.95
Testing Accuracy = 0.943

Task 14
Training Accuracy = 0.998888888889
Validation Accuracy = 0.96
Testing Accuracy = 0.938

Task 15
Training Accuracy = 0.998888888889
Validation Accuracy = 0.99
Testing Accuracy = 0.976

Task 16
Training Accuracy = 0.558888888889
Validation Accuracy = 0.47
Testing Accuracy = 0.472

Task 17
Training Accuracy = 0.664444444444
Validation Accuracy = 0.62
Testing Accuracy = 0.534

Task 18
Training Accuracy = 0.938888888889
Validation Accuracy = 0.92
Testing Accuracy = 0.905

Task 19
Training Accuracy = 0.317777777778
Validation Accuracy = 0.12
Testing Accuracy = 0.105

Task 20
Training Accuracy = 1.0
Validation Accuracy = 0.99
Testing Accuracy = 0.994

-----------------------
Writing final results to scores.csv
